[PARSE|KEY] KEY_ESC
[PARSE|KEY] #define KEY_ESC			1
[PARSE|KEY] 1
[PARSE|KEY] KEY_1
[PARSE|KEY] #define KEY_1			2
[PARSE|KEY] 2
[PARSE|KEY] KEY_2
[PARSE|KEY] #define KEY_2			3
[PARSE|KEY] 3
[PARSE|KEY] KEY_3
[PARSE|KEY] #define KEY_3			4
[PARSE|KEY] 4
[PARSE|KEY] KEY_4
[PARSE|KEY] #define KEY_4			5
[PARSE|KEY] 5
[PARSE|KEY] KEY_5
[PARSE|KEY] #define KEY_5			6
[PARSE|KEY] 6
[PARSE|KEY] KEY_6
[PARSE|KEY] #define KEY_6			7
[PARSE|KEY] 7
[PARSE|KEY] KEY_7
[PARSE|KEY] #define KEY_7			8
[PARSE|KEY] 8
[PARSE|KEY] KEY_8
[PARSE|KEY] #define KEY_8			9
[PARSE|KEY] 9
[PARSE|KEY] KEY_9
[PARSE|KEY] #define KEY_9			10
[PARSE|KEY] 10
[PARSE|KEY] KEY_0
[PARSE|KEY] #define KEY_0			11
[PARSE|KEY] 11
[PARSE|KEY] KEY_MINUS
[PARSE|KEY] #define KEY_MINUS		12
[PARSE|KEY] 12
[PARSE|KEY] KEY_EQUAL
[PARSE|KEY] #define KEY_EQUAL		13
[PARSE|KEY] 13
[PARSE|KEY] KEY_BACKSPACE
[PARSE|KEY] #define KEY_BACKSPACE		14
[PARSE|KEY] 14
[PARSE|KEY] KEY_TAB
[PARSE|KEY] #define KEY_TAB			15
[PARSE|KEY] 15
[PARSE|KEY] KEY_Q
[PARSE|KEY] #define KEY_Q			16
[PARSE|KEY] 16
[PARSE|KEY] KEY_W
[PARSE|KEY] #define KEY_W			17
[PARSE|KEY] 17
[PARSE|KEY] KEY_E
[PARSE|KEY] #define KEY_E			18
[PARSE|KEY] 18
[PARSE|KEY] KEY_R
[PARSE|KEY] #define KEY_R			19
[PARSE|KEY] 19
[PARSE|KEY] KEY_T
[PARSE|KEY] #define KEY_T			20
[PARSE|KEY] 20
[PARSE|KEY] KEY_Y
[PARSE|KEY] #define KEY_Y			21
[PARSE|KEY] 21
[PARSE|KEY] KEY_U
[PARSE|KEY] #define KEY_U			22
[PARSE|KEY] 22
[PARSE|KEY] KEY_I
[PARSE|KEY] #define KEY_I			23
[PARSE|KEY] 23
[PARSE|KEY] KEY_O
[PARSE|KEY] #define KEY_O			24
[PARSE|KEY] 24
[PARSE|KEY] KEY_P
[PARSE|KEY] #define KEY_P			25
[PARSE|KEY] 25
[PARSE|KEY] KEY_LEFTBRACE
[PARSE|KEY] #define KEY_LEFTBRACE		26
[PARSE|KEY] 26
[PARSE|KEY] KEY_RIGHTBRACE
[PARSE|KEY] #define KEY_RIGHTBRACE		27
[PARSE|KEY] 27
[PARSE|KEY] KEY_DELETE
[PARSE|KEY] #define KEY_DELETE		111
[PARSE|KEY] 111
[PARSE|KEY] KEY_CAPSLOCK
[PARSE|KEY] #define KEY_CAPSLOCK		58
[PARSE|KEY] 58
[PARSE|KEY] KEY_A
[PARSE|KEY] #define KEY_A			30
[PARSE|KEY] 30
[PARSE|KEY] KEY_S
[PARSE|KEY] #define KEY_S			31
[PARSE|KEY] 31
[PARSE|KEY] KEY_D
[PARSE|KEY] #define KEY_D			32
[PARSE|KEY] 32
[PARSE|KEY] KEY_F
[PARSE|KEY] #define KEY_F			33
[PARSE|KEY] 33
[PARSE|KEY] KEY_G
[PARSE|KEY] #define KEY_G			34
[PARSE|KEY] 34
[PARSE|KEY] KEY_H
[PARSE|KEY] #define KEY_H			35
[PARSE|KEY] 35
[PARSE|KEY] KEY_J
[PARSE|KEY] #define KEY_J			36
[PARSE|KEY] 36
[PARSE|KEY] KEY_K
[PARSE|KEY] #define KEY_K			37
[PARSE|KEY] 37
[PARSE|KEY] KEY_L
[PARSE|KEY] #define KEY_L			38
[PARSE|KEY] 38
[PARSE|KEY] KEY_SEMICOLON
[PARSE|KEY] #define KEY_SEMICOLON		39
[PARSE|KEY] 39
[PARSE|KEY] KEY_APOSTROPHE
[PARSE|KEY] #define KEY_APOSTROPHE		40
[PARSE|KEY] 40
[PARSE|KEY] KEY_GRAVE
[PARSE|KEY] #define KEY_GRAVE		41
[PARSE|KEY] 41
[PARSE|KEY] KEY_ENTER
[PARSE|KEY] #define KEY_ENTER		28
[PARSE|KEY] 28
[PARSE|KEY] KEY_LEFTSHIFT
[PARSE|KEY] #define KEY_LEFTSHIFT		42
[PARSE|KEY] 42
[PARSE|KEY] KEY_BACKSLASH
[PARSE|KEY] #define KEY_BACKSLASH		43
[PARSE|KEY] 43
[PARSE|KEY] KEY_Z
[PARSE|KEY] #define KEY_Z			44
[PARSE|KEY] 44
[PARSE|KEY] KEY_X
[PARSE|KEY] #define KEY_X			45
[PARSE|KEY] 45
[PARSE|KEY] KEY_C
[PARSE|KEY] #define KEY_C			46
[PARSE|KEY] 46
[PARSE|KEY] KEY_V
[PARSE|KEY] #define KEY_V			47
[PARSE|KEY] 47
[PARSE|KEY] KEY_B
[PARSE|KEY] #define KEY_B			48
[PARSE|KEY] 48
[PARSE|KEY] KEY_N
[PARSE|KEY] #define KEY_N			49
[PARSE|KEY] 49
[PARSE|KEY] KEY_M
[PARSE|KEY] #define KEY_M			50
[PARSE|KEY] 50
[PARSE|KEY] KEY_COMMA
[PARSE|KEY] #define KEY_COMMA		51
[PARSE|KEY] 51
[PARSE|KEY] KEY_DOT
[PARSE|KEY] #define KEY_DOT			52
[PARSE|KEY] 52
[PARSE|KEY] KEY_SLASH
[PARSE|KEY] #define KEY_SLASH		53
[PARSE|KEY] 53
[PARSE|KEY] KEY_RIGHTALT
[PARSE|KEY] #define KEY_RIGHTALT		100
[PARSE|KEY] 100
[PARSE|KEY] KEY_RIGHTSHIFT
[PARSE|KEY] #define KEY_RIGHTSHIFT		54
[PARSE|KEY] 54
[PARSE|KEY] KEY_LEFTCTRL
[PARSE|KEY] #define KEY_LEFTCTRL		29
[PARSE|KEY] 29
[PARSE|KEY] KEY_LEFTALT
[PARSE|KEY] #define KEY_LEFTALT		56
[PARSE|KEY] 56
[PARSE|KEY] KEY_LEFT
[PARSE|KEY] #define KEY_LEFT		105
[PARSE|KEY] 105
[PARSE|KEY] KEY_RIGHT
[PARSE|KEY] #define KEY_RIGHT		106
[PARSE|KEY] 106
[PARSE|KEY] KEY_SPACE
[PARSE|KEY] #define KEY_SPACE		57
[PARSE|KEY] 57
[PARSE|KEY] KEY_UP
[PARSE|KEY] #define KEY_UP			103
[PARSE|KEY] 103
[PARSE|KEY] KEY_DOWN
[PARSE|KEY] #define KEY_DOWN		108
[PARSE|KEY] 108
[PARSE|KEY] KEY_F1
[PARSE|KEY] #define KEY_F1			59
[PARSE|KEY] 59
[PARSE|KEY] KEY_F2
[PARSE|KEY] #define KEY_F2			60
[PARSE|KEY] 60
[PARSE|KEY] KEY_F3
[PARSE|KEY] #define KEY_F3			61
[PARSE|KEY] 61
[PARSE|KEY] KEY_F4
[PARSE|KEY] #define KEY_F4			62
[PARSE|KEY] 62
[PARSE|KEY] KEY_F5
[PARSE|KEY] #define KEY_F5			63
[PARSE|KEY] 63
[PARSE|KEY] KEY_F6
[PARSE|KEY] #define KEY_F6			64
[PARSE|KEY] 64
[PARSE|KEY] KEY_F7
[PARSE|KEY] #define KEY_F7			65
[PARSE|KEY] 65
[PARSE|KEY] KEY_F8
[PARSE|KEY] #define KEY_F8			66
[PARSE|KEY] 66
[PARSE|KEY] KEY_F9
[PARSE|KEY] #define KEY_F9			67
[PARSE|KEY] 67
[PARSE|KEY] KEY_F10
[PARSE|KEY] #define KEY_F10			68
[PARSE|KEY] 68
[PARSE|KEY] KEY_HOME
[PARSE|KEY] #define KEY_HOME		102
[PARSE|KEY] 102
[PARSE|KEY] KEY_END
[PARSE|KEY] #define KEY_END			107
[PARSE|KEY] 107
[PARSE|KEY] KEY_PAGEUP
[PARSE|KEY] #define KEY_PAGEUP		104
[PARSE|KEY] 104
[PARSE|KEY] KEY_PAGEDOWN
[PARSE|KEY] #define KEY_PAGEDOWN		109
[PARSE|KEY] 109
[PARSE] Unknown function: 33 (10). Skipping this line:         56! KEY_LEFTCTRL
And any of its children.
[INFO] Quit by signal 2
